[ERROR]-[2019/03/29 09:00:39] onecom-vcache plugin activated
[ERROR]-[2019/03/29 09:00:54] onecom-vcache plugin featureEnabled
[ERROR]-[2019/04/04 06:13:52] onecom-vcache feature disabled featureDisabled
[ERROR]-[2019/04/04 06:17:29] onecom-vcache plugin featureEnabled
[ERROR]-[2019/04/07 10:54:17] onecom-vcache feature disabled featureDisabled
[ERROR]-[2019/04/07 10:54:31] onecom-vcache plugin featureEnabled
[ERROR]-[2019/04/09 05:44:49] onecom-vcache feature disabled featureDisabled
[ERROR]-[2019/04/09 05:46:42] onecom-vcache plugin featureEnabled
[ERROR]-[2019/04/10 08:49:58] onecom-vcache feature disabled featureDisabled
[ERROR]-[2019/04/10 08:50:05] onecom-vcache plugin featureEnabled
[ERROR]-[2019/04/12 08:21:30] onecom-vcache feature disabled featureDisabled
[ERROR]-[2019/04/24 12:50:13] onecom-vcache plugin featureEnabled
[ERROR]-[2019/04/27 21:19:24] onecom-vcache feature disabled featureDisabled
[ERROR]-[2019/04/29 07:40:15] onecom-vcache plugin featureEnabled
[ERROR]-[2019/04/30 08:09:13] onecom-vcache feature disabled featureDisabled
[ERROR]-[2019/04/30 08:09:17] onecom-vcache plugin featureEnabled
[ERROR]-[2019/05/01 09:15:57] onecom-vcache feature disabled featureDisabled
[ERROR]-[2019/05/01 11:39:14] onecom-vcache plugin featureEnabled
[ERROR]-[2019/05/02 08:59:49] onecom-vcache feature disabled featureDisabled
[ERROR]-[2019/05/02 10:19:36] onecom-vcache plugin featureEnabled
[ERROR]-[2019/05/04 08:29:06] onecom-vcache feature disabled featureDisabled
[ERROR]-[2019/05/04 08:31:06] onecom-vcache plugin featureEnabled
[ERROR]-[2019/05/05 10:04:09] onecom-vcache feature disabled featureDisabled
[ERROR]-[2019/05/05 10:06:01] onecom-vcache plugin featureEnabled
[ERROR]-[2019/05/06 07:05:07] onecom-vcache feature disabled featureDisabled
[ERROR]-[2019/05/06 07:05:49] onecom-vcache plugin featureEnabled
[ERROR]-[2019/05/07 07:04:19] onecom-vcache feature disabled featureDisabled
[ERROR]-[2019/05/07 07:04:45] onecom-vcache plugin featureEnabled
[ERROR]-[2019/05/08 05:46:29] onecom-vcache feature disabled featureDisabled
[ERROR]-[2019/05/08 05:48:00] onecom-vcache plugin featureEnabled
[ERROR]-[2019/05/09 12:36:26] onecom-vcache feature disabled featureDisabled
[ERROR]-[2019/05/09 12:37:00] onecom-vcache plugin featureEnabled
[ERROR]-[2019/05/10 07:26:03] onecom-vcache feature disabled featureDisabled
[ERROR]-[2019/05/10 07:26:22] onecom-vcache plugin featureEnabled
[ERROR]-[2019/05/10 09:07:05] onecom-vcache plugin deactivated
[ERROR]-[2019/05/10 09:07:05] onecom-vcache feature disabled disableManual
