InnoDB: using atomic writes.
2019-08-22 11:43:08 0 [Note] InnoDB: Mutexes and rw_locks use Windows interlocked functions
2019-08-22 11:43:08 0 [Note] InnoDB: Uses event mutexes
2019-08-22 11:43:08 0 [Note] InnoDB: Compressed tables use zlib 1.2.11
2019-08-22 11:43:08 0 [Note] InnoDB: Number of pools: 1
2019-08-22 11:43:08 0 [Note] InnoDB: Using SSE2 crc32 instructions
2019-08-22 11:43:08 0 [Note] InnoDB: Initializing buffer pool, total size = 16M, instances = 1, chunk size = 16M
2019-08-22 11:43:08 0 [Note] InnoDB: Completed initialization of buffer pool
2019-08-22 11:43:08 0 [Note] InnoDB: 128 out of 128 rollback segments are active.
2019-08-22 11:43:08 0 [Note] InnoDB: Creating shared tablespace for temporary tables
2019-08-22 11:43:08 0 [Note] InnoDB: Setting file 'C:\xampp\mysql\data\ibtmp1' size to 12 MB. Physically writing the file full; Please wait ...
2019-08-22 11:43:08 0 [Note] InnoDB: File 'C:\xampp\mysql\data\ibtmp1' size is now 12 MB.
2019-08-22 11:43:08 0 [Note] InnoDB: Waiting for purge to start
2019-08-22 11:43:08 0 [Note] InnoDB: 10.4.6 started; log sequence number 294606; transaction id 138
2019-08-22 11:43:08 0 [Note] InnoDB: Loading buffer pool(s) from C:\xampp\mysql\data\ib_buffer_pool
2019-08-22 11:43:08 0 [Note] Plugin 'FEEDBACK' is disabled.
2019-08-22 11:43:08 0 [Note] Server socket created on IP: '::'.
2019-08-22 11:59:57 0 [Note] mysqld.exe: Aria engine: starting recovery
recovered pages: 0% 84% 100% (0.0 seconds); tables to flush: 1 0 (0.0 seconds); 
2019-08-22 11:59:57 0 [Note] mysqld.exe: Aria engine: recovery done
InnoDB: using atomic writes.
2019-08-22 11:59:57 0 [Note] InnoDB: Mutexes and rw_locks use Windows interlocked functions
2019-08-22 11:59:57 0 [Note] InnoDB: Uses event mutexes
2019-08-22 11:59:57 0 [Note] InnoDB: Compressed tables use zlib 1.2.11
2019-08-22 11:59:57 0 [Note] InnoDB: Number of pools: 1
2019-08-22 11:59:57 0 [Note] InnoDB: Using SSE2 crc32 instructions
2019-08-22 11:59:57 0 [Note] InnoDB: Initializing buffer pool, total size = 16M, instances = 1, chunk size = 16M
2019-08-22 11:59:57 0 [Note] InnoDB: Completed initialization of buffer pool
2019-08-22 11:59:57 0 [Note] InnoDB: Starting crash recovery from checkpoint LSN=2277402
2019-08-22 11:59:57 0 [Note] InnoDB: 128 out of 128 rollback segments are active.
2019-08-22 11:59:57 0 [Note] InnoDB: Removed temporary tablespace data file: "ibtmp1"
2019-08-22 11:59:57 0 [Note] InnoDB: Creating shared tablespace for temporary tables
2019-08-22 11:59:57 0 [Note] InnoDB: Setting file 'C:\xampp\mysql\data\ibtmp1' size to 12 MB. Physically writing the file full; Please wait ...
2019-08-22 11:59:57 0 [Note] InnoDB: File 'C:\xampp\mysql\data\ibtmp1' size is now 12 MB.
2019-08-22 11:59:57 0 [Note] InnoDB: Waiting for purge to start
2019-08-22 11:59:57 0 [Note] InnoDB: 10.4.6 started; log sequence number 2277411; transaction id 1328
2019-08-22 11:59:57 0 [Note] InnoDB: Loading buffer pool(s) from C:\xampp\mysql\data\ib_buffer_pool
2019-08-22 11:59:57 0 [Note] Plugin 'FEEDBACK' is disabled.
2019-08-22 11:59:57 0 [Note] Server socket created on IP: '::'.
InnoDB: using atomic writes.
2019-08-22 12:44:55 0 [Note] InnoDB: Mutexes and rw_locks use Windows interlocked functions
2019-08-22 12:44:55 0 [Note] InnoDB: Uses event mutexes
2019-08-22 12:44:55 0 [Note] InnoDB: Compressed tables use zlib 1.2.11
2019-08-22 12:44:55 0 [Note] InnoDB: Number of pools: 1
2019-08-22 12:44:55 0 [Note] InnoDB: Using SSE2 crc32 instructions
2019-08-22 12:44:55 0 [Note] InnoDB: Initializing buffer pool, total size = 16M, instances = 1, chunk size = 16M
2019-08-22 12:44:55 0 [Note] InnoDB: Completed initialization of buffer pool
2019-08-22 12:44:55 0 [Note] InnoDB: Starting crash recovery from checkpoint LSN=5243407
2019-08-22 12:44:55 0 [Note] InnoDB: 128 out of 128 rollback segments are active.
2019-08-22 12:44:55 0 [Note] InnoDB: Removed temporary tablespace data file: "ibtmp1"
2019-08-22 12:44:55 0 [Note] InnoDB: Creating shared tablespace for temporary tables
2019-08-22 12:44:55 0 [Note] InnoDB: Setting file 'C:\xampp\mysql\data\ibtmp1' size to 12 MB. Physically writing the file full; Please wait ...
2019-08-22 12:44:55 0 [Note] InnoDB: File 'C:\xampp\mysql\data\ibtmp1' size is now 12 MB.
2019-08-22 12:44:55 0 [Note] InnoDB: Waiting for purge to start
2019-08-22 12:44:55 0 [Note] InnoDB: 10.4.6 started; log sequence number 5243416; transaction id 2744
2019-08-22 12:44:55 0 [Note] InnoDB: Loading buffer pool(s) from C:\xampp\mysql\data\ib_buffer_pool
2019-08-22 12:44:55 0 [Note] Plugin 'FEEDBACK' is disabled.
2019-08-22 12:44:55 0 [Note] Server socket created on IP: '::'.
InnoDB: using atomic writes.
2019-08-22 13:34:37 0 [Note] InnoDB: Mutexes and rw_locks use Windows interlocked functions
2019-08-22 13:34:37 0 [Note] InnoDB: Uses event mutexes
2019-08-22 13:34:37 0 [Note] InnoDB: Compressed tables use zlib 1.2.11
2019-08-22 13:34:37 0 [Note] InnoDB: Number of pools: 1
2019-08-22 13:34:37 0 [Note] InnoDB: Using SSE2 crc32 instructions
2019-08-22 13:34:37 0 [Note] InnoDB: Initializing buffer pool, total size = 16M, instances = 1, chunk size = 16M
2019-08-22 13:34:37 0 [Note] InnoDB: Completed initialization of buffer pool
2019-08-22 13:34:37 0 [Note] InnoDB: Starting crash recovery from checkpoint LSN=5352188
2019-08-22 13:34:38 0 [Note] InnoDB: 128 out of 128 rollback segments are active.
2019-08-22 13:34:38 0 [Note] InnoDB: Removed temporary tablespace data file: "ibtmp1"
2019-08-22 13:34:38 0 [Note] InnoDB: Creating shared tablespace for temporary tables
2019-08-22 13:34:38 0 [Note] InnoDB: Setting file 'C:\xampp\mysql\data\ibtmp1' size to 12 MB. Physically writing the file full; Please wait ...
2019-08-22 13:34:38 0 [Note] InnoDB: File 'C:\xampp\mysql\data\ibtmp1' size is now 12 MB.
2019-08-22 13:34:38 0 [Note] InnoDB: Waiting for purge to start
2019-08-22 13:34:38 0 [Note] InnoDB: 10.4.6 started; log sequence number 5352197; transaction id 2804
2019-08-22 13:34:38 0 [Note] InnoDB: Loading buffer pool(s) from C:\xampp\mysql\data\ib_buffer_pool
2019-08-22 13:34:38 0 [Note] Plugin 'FEEDBACK' is disabled.
2019-08-22 13:34:38 0 [Note] Server socket created on IP: '::'.
InnoDB: using atomic writes.
2019-08-23  8:46:26 0 [Note] InnoDB: Mutexes and rw_locks use Windows interlocked functions
2019-08-23  8:46:26 0 [Note] InnoDB: Uses event mutexes
2019-08-23  8:46:26 0 [Note] InnoDB: Compressed tables use zlib 1.2.11
2019-08-23  8:46:26 0 [Note] InnoDB: Number of pools: 1
2019-08-23  8:46:26 0 [Note] InnoDB: Using SSE2 crc32 instructions
2019-08-23  8:46:26 0 [Note] InnoDB: Initializing buffer pool, total size = 16M, instances = 1, chunk size = 16M
2019-08-23  8:46:26 0 [Note] InnoDB: Completed initialization of buffer pool
2019-08-23  8:46:26 0 [Note] InnoDB: Starting crash recovery from checkpoint LSN=5361588
2019-08-23  8:46:27 0 [Note] InnoDB: 128 out of 128 rollback segments are active.
2019-08-23  8:46:27 0 [Note] InnoDB: Removed temporary tablespace data file: "ibtmp1"
2019-08-23  8:46:27 0 [Note] InnoDB: Creating shared tablespace for temporary tables
2019-08-23  8:46:27 0 [Note] InnoDB: Setting file 'C:\xampp\mysql\data\ibtmp1' size to 12 MB. Physically writing the file full; Please wait ...
2019-08-23  8:46:27 0 [Note] InnoDB: File 'C:\xampp\mysql\data\ibtmp1' size is now 12 MB.
2019-08-23  8:46:27 0 [Note] InnoDB: Waiting for purge to start
2019-08-23  8:46:27 0 [Note] InnoDB: 10.4.6 started; log sequence number 5361597; transaction id 2818
2019-08-23  8:46:27 0 [Note] InnoDB: Loading buffer pool(s) from C:\xampp\mysql\data\ib_buffer_pool
2019-08-23  8:46:27 0 [Note] Plugin 'FEEDBACK' is disabled.
2019-08-23  8:46:27 0 [Note] Server socket created on IP: '::'.
